2016-09-10 23:25:19,409 INFO  [org.eclim.eclipse.EclimDaemon] Workspace: /Users/berny/Documents/workspace
2016-09-10 23:25:19,412 INFO  [org.eclim.eclipse.EclimDaemon] Home: /Users/berny/eclipse/Eclipse.app/Contents/Eclipse/plugins/org.eclim_2.6.0/
2016-09-10 23:25:19,413 INFO  [org.eclim.eclipse.EclimDaemon] Starting eclim...
2016-09-10 23:25:19,421 INFO  [org.eclim.eclipse.EclimDaemon] Loading plugin org.eclim
2016-09-10 23:25:19,423 INFO  [org.eclim.eclipse.EclimDaemon] Loading plugin org.eclim.core
2016-09-10 23:25:19,516 INFO  [org.eclim.plugin.core.CorePlugin] Loading eclim plugins...
2016-09-10 23:25:19,520 INFO  [org.eclim.plugin.core.CorePlugin] Loading plugin org.eclim.adt
2016-09-10 23:25:19,521 INFO  [org.eclim.plugin.core.CorePlugin] Loading plugin org.eclim.dltk
2016-09-10 23:25:19,522 INFO  [org.eclim.plugin.core.CorePlugin] Loading plugin org.eclim.jdt
2016-09-10 23:25:19,522 INFO  [org.eclim.plugin.core.CorePlugin] Loading plugin org.eclim.pydev
2016-09-10 23:25:19,523 INFO  [org.eclim.plugin.core.CorePlugin] Loading plugin org.eclim.wst
2016-09-10 23:25:19,525 INFO  [org.eclim.plugin.core.CorePlugin] Plugins loaded.
2016-09-10 23:25:19,525 INFO  [org.eclim.eclipse.EclimDaemon] Loaded plugin org.eclim.core
2016-09-10 23:25:19,525 INFO  [org.eclim.eclipse.EclimDaemon] Waiting on running jobs before starting eclimd...
2016-09-10 23:25:19,534 WARN  [org.eclim.plugin.adt.PluginResources] Android SDK Location not set.
2016-09-10 23:25:23,537 INFO  [org.eclim.eclipse.EclimDaemon] Jobs finished.
2016-09-10 23:25:23,538 INFO  [org.eclim.eclipse.EclimDaemon] Eclim Server Started on: 127.0.0.1:9091
2016-09-11 00:14:35,016 ERROR [org.eclim.command.Main] Command failed
java.io.FileNotFoundException: /Users/berny/Documents/Java/test2/HelloWorld.class (No such file or directory)
	at java.io.FileInputStream.open0(Native Method)
	at java.io.FileInputStream.open(FileInputStream.java:195)
	at java.io.FileInputStream.<init>(FileInputStream.java:138)
	at java.io.FileInputStream.<init>(FileInputStream.java:93)
	at org.eclim.plugin.jdt.command.src.ClassPrototypeCommand.prototype(ClassPrototypeCommand.java:146)
	at org.eclim.plugin.jdt.command.src.ClassPrototypeCommand.execute(ClassPrototypeCommand.java:114)
	at org.eclim.command.Main$1.run(Main.java:100)
	at org.eclipse.swt.widgets.RunnableLock.run(RunnableLock.java:35)
	at org.eclipse.swt.widgets.Synchronizer.runAsyncMessages(Synchronizer.java:182)
	at org.eclipse.swt.widgets.Display.runAsyncMessages(Display.java:4024)
	at org.eclipse.swt.widgets.Display.readAndDispatch(Display.java:3700)
	at org.eclipse.e4.ui.internal.workbench.swt.PartRenderingEngine$4.run(PartRenderingEngine.java:1121)
	at org.eclipse.core.databinding.observable.Realm.runWithDefault(Realm.java:336)
	at org.eclipse.e4.ui.internal.workbench.swt.PartRenderingEngine.run(PartRenderingEngine.java:1022)
	at org.eclipse.e4.ui.internal.workbench.E4Workbench.createAndRunUI(E4Workbench.java:150)
	at org.eclipse.ui.internal.Workbench$5.run(Workbench.java:687)
	at org.eclipse.core.databinding.observable.Realm.runWithDefault(Realm.java:336)
	at org.eclipse.ui.internal.Workbench.createAndRunWorkbench(Workbench.java:604)
	at org.eclipse.ui.PlatformUI.createAndRunWorkbench(PlatformUI.java:148)
	at org.eclipse.ui.internal.ide.application.IDEApplication.start(IDEApplication.java:138)
	at org.eclim.eclipse.EclimApplication.start(EclimApplication.java:128)
	at org.eclipse.equinox.internal.app.EclipseAppHandle.run(EclipseAppHandle.java:196)
	at org.eclipse.core.runtime.internal.adaptor.EclipseAppLauncher.runApplication(EclipseAppLauncher.java:134)
	at org.eclipse.core.runtime.internal.adaptor.EclipseAppLauncher.start(EclipseAppLauncher.java:104)
	at org.eclipse.core.runtime.adaptor.EclipseStarter.run(EclipseStarter.java:388)
	at org.eclipse.core.runtime.adaptor.EclipseStarter.run(EclipseStarter.java:243)
	at sun.reflect.NativeMethodAccessorImpl.invoke0(Native Method)
	at sun.reflect.NativeMethodAccessorImpl.invoke(NativeMethodAccessorImpl.java:62)
	at sun.reflect.DelegatingMethodAccessorImpl.invoke(DelegatingMethodAccessorImpl.java:43)
	at java.lang.reflect.Method.invoke(Method.java:498)
	at org.eclipse.equinox.launcher.Main.invokeFramework(Main.java:673)
	at org.eclipse.equinox.launcher.Main.basicRun(Main.java:610)
	at org.eclipse.equinox.launcher.Main.run(Main.java:1519)
	at org.eclipse.equinox.launcher.Main.main(Main.java:1492)
2016-09-11 00:19:39,603 INFO  [org.eclim.eclipse.EclimDaemon] Shutting down eclim...
2016-09-11 00:19:39,607 INFO  [org.eclim.eclipse.EclimDaemon] Stopping plugin org.eclim.core
2016-09-11 00:19:39,609 INFO  [org.eclim.plugin.core.CorePlugin] Stopping plugin org.eclim.adt
2016-09-11 00:19:39,609 INFO  [org.eclim.plugin.core.CorePlugin] Stopping plugin org.eclim.dltk
2016-09-11 00:19:39,610 INFO  [org.eclim.plugin.core.CorePlugin] Stopping plugin org.eclim.jdt
2016-09-11 00:19:39,610 INFO  [org.eclim.plugin.core.CorePlugin] Stopping plugin org.eclim.pydev
2016-09-11 00:19:39,610 INFO  [org.eclim.plugin.core.CorePlugin] Stopping plugin org.eclim.wst
2016-09-11 00:19:39,610 INFO  [org.eclim.eclipse.EclimDaemon] Eclim stopped.
2016-09-11 00:21:53,771 INFO  [org.eclim.eclipse.EclimDaemon] Workspace: /Users/berny/Documents/workspace
2016-09-11 00:21:53,773 INFO  [org.eclim.eclipse.EclimDaemon] Home: /Users/berny/eclipse/Eclipse.app/Contents/Eclipse/plugins/org.eclim_2.6.0/
2016-09-11 00:21:53,773 INFO  [org.eclim.eclipse.EclimDaemon] Starting eclim...
2016-09-11 00:21:53,780 INFO  [org.eclim.eclipse.EclimDaemon] Loading plugin org.eclim
2016-09-11 00:21:53,783 INFO  [org.eclim.eclipse.EclimDaemon] Loading plugin org.eclim.core
2016-09-11 00:21:53,896 INFO  [org.eclim.plugin.core.CorePlugin] Loading eclim plugins...
2016-09-11 00:21:53,900 INFO  [org.eclim.plugin.core.CorePlugin] Loading plugin org.eclim.adt
2016-09-11 00:21:53,901 INFO  [org.eclim.plugin.core.CorePlugin] Loading plugin org.eclim.dltk
2016-09-11 00:21:53,902 INFO  [org.eclim.plugin.core.CorePlugin] Loading plugin org.eclim.jdt
2016-09-11 00:21:53,903 INFO  [org.eclim.plugin.core.CorePlugin] Loading plugin org.eclim.pydev
2016-09-11 00:21:53,904 INFO  [org.eclim.plugin.core.CorePlugin] Loading plugin org.eclim.wst
2016-09-11 00:21:53,906 INFO  [org.eclim.plugin.core.CorePlugin] Plugins loaded.
2016-09-11 00:21:53,906 INFO  [org.eclim.eclipse.EclimDaemon] Loaded plugin org.eclim.core
2016-09-11 00:21:53,906 INFO  [org.eclim.eclipse.EclimDaemon] Waiting on running jobs before starting eclimd...
2016-09-11 00:21:59,922 INFO  [org.eclim.eclipse.EclimDaemon] Jobs finished.
2016-09-11 00:21:59,922 INFO  [org.eclim.eclipse.EclimDaemon] Eclim Server Started on: 127.0.0.1:9091
2016-09-11 01:20:48,835 INFO  [org.eclim.eclipse.EclimDaemon] Shutting down eclim...
2016-09-11 01:20:48,855 INFO  [org.eclim.eclipse.EclimDaemon] Stopping plugin org.eclim.core
2016-09-11 01:20:48,857 INFO  [org.eclim.plugin.core.CorePlugin] Stopping plugin org.eclim.adt
2016-09-11 01:20:48,862 INFO  [org.eclim.plugin.core.CorePlugin] Stopping plugin org.eclim.dltk
2016-09-11 01:20:48,864 INFO  [org.eclim.plugin.core.CorePlugin] Stopping plugin org.eclim.jdt
2016-09-11 01:20:48,864 INFO  [org.eclim.plugin.core.CorePlugin] Stopping plugin org.eclim.pydev
2016-09-11 01:20:48,864 INFO  [org.eclim.plugin.core.CorePlugin] Stopping plugin org.eclim.wst
2016-09-11 01:20:48,864 INFO  [org.eclim.eclipse.EclimDaemon] Eclim stopped.
2016-09-11 01:21:11,208 INFO  [org.eclim.eclipse.EclimDaemon] Workspace: /Users/berny/Documents/workspace
2016-09-11 01:21:11,209 INFO  [org.eclim.eclipse.EclimDaemon] Home: /Users/berny/eclipse/Eclipse.app/Contents/Eclipse/plugins/org.eclim_2.6.0/
2016-09-11 01:21:11,209 INFO  [org.eclim.eclipse.EclimDaemon] Starting eclim...
2016-09-11 01:21:11,216 INFO  [org.eclim.eclipse.EclimDaemon] Loading plugin org.eclim
2016-09-11 01:21:11,218 INFO  [org.eclim.eclipse.EclimDaemon] Loading plugin org.eclim.core
2016-09-11 01:21:11,314 INFO  [org.eclim.plugin.core.CorePlugin] Loading eclim plugins...
2016-09-11 01:21:11,317 INFO  [org.eclim.plugin.core.CorePlugin] Loading plugin org.eclim.adt
2016-09-11 01:21:11,318 INFO  [org.eclim.plugin.core.CorePlugin] Loading plugin org.eclim.dltk
2016-09-11 01:21:11,319 INFO  [org.eclim.plugin.core.CorePlugin] Loading plugin org.eclim.jdt
2016-09-11 01:21:11,319 INFO  [org.eclim.plugin.core.CorePlugin] Loading plugin org.eclim.pydev
2016-09-11 01:21:11,320 INFO  [org.eclim.plugin.core.CorePlugin] Loading plugin org.eclim.wst
2016-09-11 01:21:11,322 INFO  [org.eclim.plugin.core.CorePlugin] Plugins loaded.
2016-09-11 01:21:11,322 INFO  [org.eclim.eclipse.EclimDaemon] Loaded plugin org.eclim.core
2016-09-11 01:21:11,323 INFO  [org.eclim.eclipse.EclimDaemon] Waiting on running jobs before starting eclimd...
2016-09-11 01:21:18,333 INFO  [org.eclim.eclipse.EclimDaemon] Jobs finished.
2016-09-11 01:21:18,333 INFO  [org.eclim.eclipse.EclimDaemon] Eclim Server Started on: 127.0.0.1:9091
2016-09-11 01:43:36,381 INFO  [org.eclim.eclipse.EclimDaemon] Shutting down eclim...
2016-09-11 01:43:36,386 INFO  [org.eclim.eclipse.EclimDaemon] Stopping plugin org.eclim.core
2016-09-11 01:43:36,388 INFO  [org.eclim.plugin.core.CorePlugin] Stopping plugin org.eclim.adt
2016-09-11 01:43:36,389 INFO  [org.eclim.plugin.core.CorePlugin] Stopping plugin org.eclim.dltk
2016-09-11 01:43:36,389 INFO  [org.eclim.plugin.core.CorePlugin] Stopping plugin org.eclim.jdt
2016-09-11 01:43:36,390 INFO  [org.eclim.plugin.core.CorePlugin] Stopping plugin org.eclim.pydev
2016-09-11 01:43:36,390 INFO  [org.eclim.plugin.core.CorePlugin] Stopping plugin org.eclim.wst
2016-09-11 01:43:36,390 INFO  [org.eclim.eclipse.EclimDaemon] Eclim stopped.
2016-09-11 12:04:16,803 INFO  [org.eclim.eclipse.EclimDaemon] Workspace: /Users/berny/Documents/workspace
2016-09-11 12:04:16,805 INFO  [org.eclim.eclipse.EclimDaemon] Home: /Users/berny/eclipse/Eclipse.app/Contents/Eclipse/plugins/org.eclim_2.6.0/
2016-09-11 12:04:16,806 INFO  [org.eclim.eclipse.EclimDaemon] Starting eclim...
2016-09-11 12:04:16,812 INFO  [org.eclim.eclipse.EclimDaemon] Loading plugin org.eclim
2016-09-11 12:04:16,815 INFO  [org.eclim.eclipse.EclimDaemon] Loading plugin org.eclim.core
2016-09-11 12:04:16,899 INFO  [org.eclim.plugin.core.CorePlugin] Loading eclim plugins...
2016-09-11 12:04:16,905 INFO  [org.eclim.plugin.core.CorePlugin] Loading plugin org.eclim.adt
2016-09-11 12:04:16,906 INFO  [org.eclim.plugin.core.CorePlugin] Loading plugin org.eclim.dltk
2016-09-11 12:04:16,907 INFO  [org.eclim.plugin.core.CorePlugin] Loading plugin org.eclim.jdt
2016-09-11 12:04:16,907 INFO  [org.eclim.plugin.core.CorePlugin] Loading plugin org.eclim.pydev
2016-09-11 12:04:16,908 INFO  [org.eclim.plugin.core.CorePlugin] Loading plugin org.eclim.wst
2016-09-11 12:04:16,909 INFO  [org.eclim.plugin.core.CorePlugin] Plugins loaded.
2016-09-11 12:04:16,910 INFO  [org.eclim.eclipse.EclimDaemon] Loaded plugin org.eclim.core
2016-09-11 12:04:16,910 INFO  [org.eclim.eclipse.EclimDaemon] Waiting on running jobs before starting eclimd...
2016-09-11 12:04:26,940 INFO  [org.eclim.eclipse.EclimDaemon] Jobs finished.
2016-09-11 12:04:26,940 INFO  [org.eclim.eclipse.EclimDaemon] Eclim Server Started on: 127.0.0.1:9091
2016-09-11 12:06:18,553 ERROR [org.eclim.command.Main] Command failed
java.lang.IllegalArgumentException: Path for project must have only one segment.
	at org.eclipse.core.runtime.Assert.isLegal(Assert.java:63)
	at org.eclipse.core.internal.resources.WorkspaceRoot.getProject(WorkspaceRoot.java:147)
	at org.eclim.plugin.core.util.ProjectUtils.getProject(ProjectUtils.java:144)
	at org.eclim.plugin.core.util.ProjectUtils.getProject(ProjectUtils.java:129)
	at org.eclim.plugin.core.command.project.ProjectDeleteCommand.execute(ProjectDeleteCommand.java:54)
	at org.eclim.command.Main$1.run(Main.java:100)
	at org.eclipse.swt.widgets.RunnableLock.run(RunnableLock.java:35)
	at org.eclipse.swt.widgets.Synchronizer.runAsyncMessages(Synchronizer.java:182)
	at org.eclipse.swt.widgets.Display.runAsyncMessages(Display.java:4024)
	at org.eclipse.swt.widgets.Display.readAndDispatch(Display.java:3700)
	at org.eclipse.e4.ui.internal.workbench.swt.PartRenderingEngine$4.run(PartRenderingEngine.java:1121)
	at org.eclipse.core.databinding.observable.Realm.runWithDefault(Realm.java:336)
	at org.eclipse.e4.ui.internal.workbench.swt.PartRenderingEngine.run(PartRenderingEngine.java:1022)
	at org.eclipse.e4.ui.internal.workbench.E4Workbench.createAndRunUI(E4Workbench.java:150)
	at org.eclipse.ui.internal.Workbench$5.run(Workbench.java:687)
	at org.eclipse.core.databinding.observable.Realm.runWithDefault(Realm.java:336)
	at org.eclipse.ui.internal.Workbench.createAndRunWorkbench(Workbench.java:604)
	at org.eclipse.ui.PlatformUI.createAndRunWorkbench(PlatformUI.java:148)
	at org.eclipse.ui.internal.ide.application.IDEApplication.start(IDEApplication.java:138)
	at org.eclim.eclipse.EclimApplication.start(EclimApplication.java:128)
	at org.eclipse.equinox.internal.app.EclipseAppHandle.run(EclipseAppHandle.java:196)
	at org.eclipse.core.runtime.internal.adaptor.EclipseAppLauncher.runApplication(EclipseAppLauncher.java:134)
	at org.eclipse.core.runtime.internal.adaptor.EclipseAppLauncher.start(EclipseAppLauncher.java:104)
	at org.eclipse.core.runtime.adaptor.EclipseStarter.run(EclipseStarter.java:388)
	at org.eclipse.core.runtime.adaptor.EclipseStarter.run(EclipseStarter.java:243)
	at sun.reflect.NativeMethodAccessorImpl.invoke0(Native Method)
	at sun.reflect.NativeMethodAccessorImpl.invoke(NativeMethodAccessorImpl.java:62)
	at sun.reflect.DelegatingMethodAccessorImpl.invoke(DelegatingMethodAccessorImpl.java:43)
	at java.lang.reflect.Method.invoke(Method.java:498)
	at org.eclipse.equinox.launcher.Main.invokeFramework(Main.java:673)
	at org.eclipse.equinox.launcher.Main.basicRun(Main.java:610)
	at org.eclipse.equinox.launcher.Main.run(Main.java:1519)
	at org.eclipse.equinox.launcher.Main.main(Main.java:1492)
2016-09-11 12:09:11,634 ERROR [org.eclim.command.Main] Command failed
org.eclipse.core.internal.resources.ResourceException: A resource exists with a different case: '/Test'.
	at org.eclipse.core.internal.resources.Resource.checkDoesNotExist(Resource.java:323)
	at org.eclipse.core.internal.resources.Resource.checkDoesNotExist(Resource.java:301)
	at org.eclipse.core.internal.resources.Project.assertCreateRequirements(Project.java:52)
	at org.eclipse.core.internal.resources.Project.create(Project.java:263)
	at org.eclipse.core.internal.resources.Project.create(Project.java:247)
	at org.eclim.plugin.core.project.ProjectManagement.createProject(ProjectManagement.java:219)
	at org.eclim.plugin.core.project.ProjectManagement.create(ProjectManagement.java:164)
	at org.eclim.plugin.core.command.project.ProjectCreateCommand.execute(ProjectCreateCommand.java:68)
	at org.eclim.command.Main$1.run(Main.java:100)
	at org.eclipse.swt.widgets.RunnableLock.run(RunnableLock.java:35)
	at org.eclipse.swt.widgets.Synchronizer.runAsyncMessages(Synchronizer.java:182)
	at org.eclipse.swt.widgets.Display.runAsyncMessages(Display.java:4024)
	at org.eclipse.swt.widgets.Display.readAndDispatch(Display.java:3700)
	at org.eclipse.e4.ui.internal.workbench.swt.PartRenderingEngine$4.run(PartRenderingEngine.java:1121)
	at org.eclipse.core.databinding.observable.Realm.runWithDefault(Realm.java:336)
	at org.eclipse.e4.ui.internal.workbench.swt.PartRenderingEngine.run(PartRenderingEngine.java:1022)
	at org.eclipse.e4.ui.internal.workbench.E4Workbench.createAndRunUI(E4Workbench.java:150)
	at org.eclipse.ui.internal.Workbench$5.run(Workbench.java:687)
	at org.eclipse.core.databinding.observable.Realm.runWithDefault(Realm.java:336)
	at org.eclipse.ui.internal.Workbench.createAndRunWorkbench(Workbench.java:604)
	at org.eclipse.ui.PlatformUI.createAndRunWorkbench(PlatformUI.java:148)
	at org.eclipse.ui.internal.ide.application.IDEApplication.start(IDEApplication.java:138)
	at org.eclim.eclipse.EclimApplication.start(EclimApplication.java:128)
	at org.eclipse.equinox.internal.app.EclipseAppHandle.run(EclipseAppHandle.java:196)
	at org.eclipse.core.runtime.internal.adaptor.EclipseAppLauncher.runApplication(EclipseAppLauncher.java:134)
	at org.eclipse.core.runtime.internal.adaptor.EclipseAppLauncher.start(EclipseAppLauncher.java:104)
	at org.eclipse.core.runtime.adaptor.EclipseStarter.run(EclipseStarter.java:388)
	at org.eclipse.core.runtime.adaptor.EclipseStarter.run(EclipseStarter.java:243)
	at sun.reflect.NativeMethodAccessorImpl.invoke0(Native Method)
	at sun.reflect.NativeMethodAccessorImpl.invoke(NativeMethodAccessorImpl.java:62)
	at sun.reflect.DelegatingMethodAccessorImpl.invoke(DelegatingMethodAccessorImpl.java:43)
	at java.lang.reflect.Method.invoke(Method.java:498)
	at org.eclipse.equinox.launcher.Main.invokeFramework(Main.java:673)
	at org.eclipse.equinox.launcher.Main.basicRun(Main.java:610)
	at org.eclipse.equinox.launcher.Main.run(Main.java:1519)
	at org.eclipse.equinox.launcher.Main.main(Main.java:1492)
2016-09-11 12:19:43,982 ERROR [org.eclim.command.Main] Command failed
org.eclipse.core.internal.resources.ResourceException: Resource '/[!] ' does not exist.
	at org.eclipse.core.internal.resources.Resource.checkExists(Resource.java:335)
	at org.eclipse.core.internal.resources.Resource.checkAccessible(Resource.java:209)
	at org.eclipse.core.internal.resources.Project.checkAccessible(Project.java:141)
	at org.eclipse.core.internal.resources.Project.getReferencedProjects(Project.java:464)
	at org.eclim.plugin.core.command.problems.ProblemsCommand.execute(ProblemsCommand.java:126)
	at org.eclim.command.Main$1.run(Main.java:100)
	at org.eclipse.swt.widgets.RunnableLock.run(RunnableLock.java:35)
	at org.eclipse.swt.widgets.Synchronizer.runAsyncMessages(Synchronizer.java:182)
	at org.eclipse.swt.widgets.Display.runAsyncMessages(Display.java:4024)
	at org.eclipse.swt.widgets.Display.readAndDispatch(Display.java:3700)
	at org.eclipse.e4.ui.internal.workbench.swt.PartRenderingEngine$4.run(PartRenderingEngine.java:1121)
	at org.eclipse.core.databinding.observable.Realm.runWithDefault(Realm.java:336)
	at org.eclipse.e4.ui.internal.workbench.swt.PartRenderingEngine.run(PartRenderingEngine.java:1022)
	at org.eclipse.e4.ui.internal.workbench.E4Workbench.createAndRunUI(E4Workbench.java:150)
	at org.eclipse.ui.internal.Workbench$5.run(Workbench.java:687)
	at org.eclipse.core.databinding.observable.Realm.runWithDefault(Realm.java:336)
	at org.eclipse.ui.internal.Workbench.createAndRunWorkbench(Workbench.java:604)
	at org.eclipse.ui.PlatformUI.createAndRunWorkbench(PlatformUI.java:148)
	at org.eclipse.ui.internal.ide.application.IDEApplication.start(IDEApplication.java:138)
	at org.eclim.eclipse.EclimApplication.start(EclimApplication.java:128)
	at org.eclipse.equinox.internal.app.EclipseAppHandle.run(EclipseAppHandle.java:196)
	at org.eclipse.core.runtime.internal.adaptor.EclipseAppLauncher.runApplication(EclipseAppLauncher.java:134)
	at org.eclipse.core.runtime.internal.adaptor.EclipseAppLauncher.start(EclipseAppLauncher.java:104)
	at org.eclipse.core.runtime.adaptor.EclipseStarter.run(EclipseStarter.java:388)
	at org.eclipse.core.runtime.adaptor.EclipseStarter.run(EclipseStarter.java:243)
	at sun.reflect.NativeMethodAccessorImpl.invoke0(Native Method)
	at sun.reflect.NativeMethodAccessorImpl.invoke(NativeMethodAccessorImpl.java:62)
	at sun.reflect.DelegatingMethodAccessorImpl.invoke(DelegatingMethodAccessorImpl.java:43)
	at java.lang.reflect.Method.invoke(Method.java:498)
	at org.eclipse.equinox.launcher.Main.invokeFramework(Main.java:673)
	at org.eclipse.equinox.launcher.Main.basicRun(Main.java:610)
	at org.eclipse.equinox.launcher.Main.run(Main.java:1519)
	at org.eclipse.equinox.launcher.Main.main(Main.java:1492)
2016-09-11 13:37:59,262 ERROR [org.eclim.command.Main] Command failed
java.lang.IllegalArgumentException: Project 'BasicFrame' not found.
	at org.eclim.plugin.core.util.ProjectUtils.assertExists(ProjectUtils.java:344)
	at org.eclim.plugin.core.project.ProjectManagement.refresh(ProjectManagement.java:368)
	at org.eclim.plugin.core.project.ProjectManagement.refresh(ProjectManagement.java:361)
	at org.eclim.plugin.core.command.project.ProjectRefreshCommand.execute(ProjectRefreshCommand.java:54)
	at org.eclim.command.Main$1.run(Main.java:100)
	at org.eclipse.swt.widgets.RunnableLock.run(RunnableLock.java:35)
	at org.eclipse.swt.widgets.Synchronizer.runAsyncMessages(Synchronizer.java:182)
	at org.eclipse.swt.widgets.Display.runAsyncMessages(Display.java:4024)
	at org.eclipse.swt.widgets.Display.readAndDispatch(Display.java:3700)
	at org.eclipse.e4.ui.internal.workbench.swt.PartRenderingEngine$4.run(PartRenderingEngine.java:1121)
	at org.eclipse.core.databinding.observable.Realm.runWithDefault(Realm.java:336)
	at org.eclipse.e4.ui.internal.workbench.swt.PartRenderingEngine.run(PartRenderingEngine.java:1022)
	at org.eclipse.e4.ui.internal.workbench.E4Workbench.createAndRunUI(E4Workbench.java:150)
	at org.eclipse.ui.internal.Workbench$5.run(Workbench.java:687)
	at org.eclipse.core.databinding.observable.Realm.runWithDefault(Realm.java:336)
	at org.eclipse.ui.internal.Workbench.createAndRunWorkbench(Workbench.java:604)
	at org.eclipse.ui.PlatformUI.createAndRunWorkbench(PlatformUI.java:148)
	at org.eclipse.ui.internal.ide.application.IDEApplication.start(IDEApplication.java:138)
	at org.eclim.eclipse.EclimApplication.start(EclimApplication.java:128)
	at org.eclipse.equinox.internal.app.EclipseAppHandle.run(EclipseAppHandle.java:196)
	at org.eclipse.core.runtime.internal.adaptor.EclipseAppLauncher.runApplication(EclipseAppLauncher.java:134)
	at org.eclipse.core.runtime.internal.adaptor.EclipseAppLauncher.start(EclipseAppLauncher.java:104)
	at org.eclipse.core.runtime.adaptor.EclipseStarter.run(EclipseStarter.java:388)
	at org.eclipse.core.runtime.adaptor.EclipseStarter.run(EclipseStarter.java:243)
	at sun.reflect.NativeMethodAccessorImpl.invoke0(Native Method)
	at sun.reflect.NativeMethodAccessorImpl.invoke(NativeMethodAccessorImpl.java:62)
	at sun.reflect.DelegatingMethodAccessorImpl.invoke(DelegatingMethodAccessorImpl.java:43)
	at java.lang.reflect.Method.invoke(Method.java:498)
	at org.eclipse.equinox.launcher.Main.invokeFramework(Main.java:673)
	at org.eclipse.equinox.launcher.Main.basicRun(Main.java:610)
	at org.eclipse.equinox.launcher.Main.run(Main.java:1519)
	at org.eclipse.equinox.launcher.Main.main(Main.java:1492)
2016-09-11 14:13:02,809 INFO  [org.eclim.eclipse.EclimDaemon] Shutting down eclim...
2016-09-11 14:13:02,827 INFO  [org.eclim.eclipse.EclimDaemon] Stopping plugin org.eclim.core
2016-09-11 14:13:02,828 INFO  [org.eclim.plugin.core.CorePlugin] Stopping plugin org.eclim.adt
2016-09-11 14:13:02,829 INFO  [org.eclim.plugin.core.CorePlugin] Stopping plugin org.eclim.dltk
2016-09-11 14:13:02,829 INFO  [org.eclim.plugin.core.CorePlugin] Stopping plugin org.eclim.jdt
2016-09-11 14:13:02,829 INFO  [org.eclim.plugin.core.CorePlugin] Stopping plugin org.eclim.pydev
2016-09-11 14:13:02,830 INFO  [org.eclim.plugin.core.CorePlugin] Stopping plugin org.eclim.wst
2016-09-11 14:13:02,830 INFO  [org.eclim.eclipse.EclimDaemon] Eclim stopped.
